<?xml version="1.0" encoding="UTF-8"?>
<!-- Generated by org.testng.reporters.JUnitReportReporter -->
<testsuite hostname="prashanthi-PC" name="com.vmetry.ntltaxi.utils.ReportGenerator" tests="1" failures="0" timestamp="4 Dec 2016 11:05:37 GMT" time="0.047" errors="0">
  <testcase name="archivefiles" time="0.047" classname="com.vmetry.ntltaxi.utils.ReportGenerator"/>
</testsuite> <!-- com.vmetry.ntltaxi.utils.ReportGenerator -->
