<?xml version="1.0" encoding="UTF-8"?>
<!-- Generated by org.testng.reporters.JUnitReportReporter -->
<testsuite hostname="prashanthi-PC" name="com.vmetry.ntltaxi.testcase.HomePageTest" tests="4" failures="0" timestamp="4 Dec 2016 11:39:27 GMT" time="12.269" errors="0">
  <testcase name="testHomePage" time="4.743" classname="com.vmetry.ntltaxi.testcase.HomePageTest"/>
  <testcase name="testHomePage" time="1.970" classname="com.vmetry.ntltaxi.testcase.HomePageTest"/>
  <testcase name="testHomePage" time="3.353" classname="com.vmetry.ntltaxi.testcase.HomePageTest"/>
  <testcase name="testHomePage" time="2.203" classname="com.vmetry.ntltaxi.testcase.HomePageTest"/>
</testsuite> <!-- com.vmetry.ntltaxi.testcase.HomePageTest -->
