<?xml version="1.0" encoding="UTF-8"?>
<!-- Generated by org.testng.reporters.JUnitReportReporter -->
<testsuite hostname="prashanthi-PC" name="temp.Reporttest" tests="3" failures="0" timestamp="3 Dec 2016 11:44:51 GMT" time="30.013" errors="0">
  <testcase name="YahooTest" time="11.792" classname="temp.Reporttest"/>
  <testcase name="GmailTest" time="5.438" classname="temp.Reporttest"/>
  <testcase name="GoogleTest" time="12.783" classname="temp.Reporttest"/>
</testsuite> <!-- temp.Reporttest -->
